jiankangli_engineer/build/outputs/logs/manifest-merger-release-report.txt
-- Merging decision tree log ---
manifest
ADDED from src\main\AndroidManifest.xml:2:1-268:12
INJECTED from src\main\AndroidManifest.xml:2:1-268:12
INJECTED from src\main\AndroidManifest.xml:2:1-268:12
INJECTED from src\main\AndroidManifest.xml:2:1-268:12
MERGED from [:library] AndroidManifest.xml:2:1-13:12
MERGED from [:photo_view_library] AndroidManifest.xml:2:1-13:12
MERGED from [com.android.support:support-v4:22.2.1] AndroidManifest.xml:17:1-24:12
INJECTED from src\main\AndroidManifest.xml:2:1-268:12
INJECTED from src\main\AndroidManifest.xml:2:1-268:12
INJECTED from src\main\AndroidManifest.xml:2:1-268:12
	package
		ADDED from src\main\AndroidManifest.xml:3:5-48
		INJECTED from src\main\AndroidManifest.xml
		INJECTED from src\main\AndroidManifest.xml
	android:versionName
		ADDED from src\main\AndroidManifest.xml:5:5-32
		INJECTED from src\main\AndroidManifest.xml
		INJECTED from src\main\AndroidManifest.xml
	xmlns:android
		ADDED from src\main\AndroidManifest.xml:2:11-69
	android:versionCode
		ADDED from src\main\AndroidManifest.xml:4:5-29
		INJECTED from src\main\AndroidManifest.xml
		INJECTED from src\main\AndroidManifest.xml
uses-sdk
ADDED from src\main\AndroidManifest.xml:7:5-9:41
INJECTED from src\main\AndroidManifest.xml:7:5-9:41
INJECTED from src\main\AndroidManifest.xml:7:5-9:41
MERGED from [:library] AndroidManifest.xml:7:5-9:40
MERGED from [:library] AndroidManifest.xml:7:5-9:40
MERGED from [:photo_view_library] AndroidManifest.xml:7:5-9:40
MERGED from [:photo_view_library] AndroidManifest.xml:7:5-9:40
MERGED from [com.android.support:support-v4:22.2.1] AndroidManifest.xml:20:5-43
MERGED from [com.android.support:support-v4:22.2.1] AndroidManifest.xml:20:5-43
INJECTED from src\main\AndroidManifest.xml:7:5-9:41
INJECTED from src\main\AndroidManifest.xml:7:5-9:41
	android:targetSdkVersion
		ADDED from src\main\AndroidManifest.xml:9:9-38
		INJECTED from src\main\AndroidManifest.xml
		INJECTED from src\main\AndroidManifest.xml
	android:minSdkVersion
		ADDED from src\main\AndroidManifest.xml:8:9-35
		INJECTED from src\main\AndroidManifest.xml
		INJECTED from src\main\AndroidManifest.xml
permission#com.defineapp.jiankangli_engineer.permission.JPUSH_MESSAGE
ADDED from src\main\AndroidManifest.xml:12:5-14:47
	android:protectionLevel
		ADDED from src\main\AndroidManifest.xml:14:9-44
	android:name
		ADDED from src\main\AndroidManifest.xml:13:9-82
uses-permission#com.defineapp.jiankangli_engineer.permission.JPUSH_MESSAGE
ADDED from src\main\AndroidManifest.xml:17:5-98
	android:name
		ADDED from src\main\AndroidManifest.xml:17:22-95
uses-permission#android.permission.RECEIVE_USER_PRESENT
ADDED from src\main\AndroidManifest.xml:18:5-79
	android:name
		ADDED from src\main\AndroidManifest.xml:18:22-76
uses-permission#android.permission.INTERNET
ADDED from src\main\AndroidManifest.xml:19:5-67
	android:name
		ADDED from src\main\AndroidManifest.xml:19:22-64
uses-permission#android.permission.WAKE_LOCK
ADDED from src\main\AndroidManifest.xml:20:5-68
	android:name
		ADDED from src\main\AndroidManifest.xml:20:22-65
uses-permission#android.permission.READ_PHONE_STATE
ADDED from src\main\AndroidManifest.xml:21:5-75
	android:name
		ADDED from src\main\AndroidManifest.xml:21:22-72
uses-permission#android.permission.WRITE_EXTERNAL_STORAGE
ADDED from src\main\AndroidManifest.xml:22:5-81
	android:name
		ADDED from src\main\AndroidManifest.xml:22:22-78
uses-permission#android.permission.READ_EXTERNAL_STORAGE
ADDED from src\main\AndroidManifest.xml:23:5-80
	android:name
		ADDED from src\main\AndroidManifest.xml:23:22-77
uses-permission#android.permission.WRITE_SETTINGS
ADDED from src\main\AndroidManifest.xml:24:5-73
	android:name
		ADDED from src\main\AndroidManifest.xml:24:22-70
uses-permission#android.permission.VIBRATE
ADDED from src\main\AndroidManifest.xml:25:5-66
	android:name
		ADDED from src\main\AndroidManifest.xml:25:22-63
uses-permission#android.permission.MOUNT_UNMOUNT_FILESYSTEMS
ADDED from src\main\AndroidManifest.xml:26:5-84
	android:name
		ADDED from src\main\AndroidManifest.xml:26:22-81
uses-permission#android.permission.ACCESS_NETWORK_STATE
ADDED from src\main\AndroidManifest.xml:27:5-79
	android:name
		ADDED from src\main\AndroidManifest.xml:27:22-76
uses-permission#android.permission.ACCESS_WIFI_STATE
ADDED from src\main\AndroidManifest.xml:28:5-76
	android:name
		ADDED from src\main\AndroidManifest.xml:28:22-73
uses-permission#android.permission.SYSTEM_ALERT_WINDOW
ADDED from src\main\AndroidManifest.xml:29:5-78
	android:name
		ADDED from src\main\AndroidManifest.xml:29:22-75
uses-permission#android.permission.ACCESS_COARSE_LOCATION
ADDED from src\main\AndroidManifest.xml:32:5-81
	android:name
		ADDED from src\main\AndroidManifest.xml:32:22-78
uses-permission#android.permission.CHANGE_WIFI_STATE
ADDED from src\main\AndroidManifest.xml:33:5-76
	android:name
		ADDED from src\main\AndroidManifest.xml:33:22-73
uses-permission#android.permission.ACCESS_FINE_LOCATION
ADDED from src\main\AndroidManifest.xml:34:5-79
	android:name
		ADDED from src\main\AndroidManifest.xml:34:22-76
uses-permission#android.permission.ACCESS_LOCATION_EXTRA_COMMANDS
ADDED from src\main\AndroidManifest.xml:35:5-89
	android:name
		ADDED from src\main\AndroidManifest.xml:35:22-86
uses-permission#android.permission.CHANGE_NETWORK_STATE
ADDED from src\main\AndroidManifest.xml:36:5-79
	android:name
		ADDED from src\main\AndroidManifest.xml:36:22-76
uses-permission#android.permission.CALL_PHONE
ADDED from src\main\AndroidManifest.xml:37:5-69
	android:name
		ADDED from src\main\AndroidManifest.xml:37:22-66
uses-permission#android.permission.CAMERA
ADDED from src\main\AndroidManifest.xml:46:5-65
	android:name
		ADDED from src\main\AndroidManifest.xml:46:22-62
uses-feature#android.hardware.camera
ADDED from src\main\AndroidManifest.xml:48:5-60
	android:name
		ADDED from src\main\AndroidManifest.xml:48:19-57
uses-feature#android.hardware.camera.autofocus
ADDED from src\main\AndroidManifest.xml:49:5-70
	android:name
		ADDED from src\main\AndroidManifest.xml:49:19-67
uses-permission#android.permission.FLASHLIGHT
ADDED from src\main\AndroidManifest.xml:51:5-69
	android:name
		ADDED from src\main\AndroidManifest.xml:51:22-66
application
ADDED from src\main\AndroidManifest.xml:53:5-266:19
MERGED from [:library] AndroidManifest.xml:11:5-20
MERGED from [:library] AndroidManifest.xml:11:5-20
MERGED from [:photo_view_library] AndroidManifest.xml:11:5-20
MERGED from [:photo_view_library] AndroidManifest.xml:11:5-20
MERGED from [com.android.support:support-v4:22.2.1] AndroidManifest.xml:22:5-20
MERGED from [com.android.support:support-v4:22.2.1] AndroidManifest.xml:22:5-20
	android:label
		ADDED from src\main\AndroidManifest.xml:57:9-41
	android:icon
		ADDED from src\main\AndroidManifest.xml:56:9-45
	android:allowBackup
		ADDED from src\main\AndroidManifest.xml:55:9-35
	android:theme
		ADDED from src\main\AndroidManifest.xml:58:9-45
	android:name
		ADDED from src\main\AndroidManifest.xml:54:9-83
activity#com.defineapp.jiankangli_engineer.activity.LoginActivity
ADDED from src\main\AndroidManifest.xml:59:9-69:20
	android:screenOrientation
		ADDED from src\main\AndroidManifest.xml:62:13-49
	android:label
		ADDED from src\main\AndroidManifest.xml:61:13-45
	android:windowSoftInputMode
		ADDED from src\main\AndroidManifest.xml:63:13-52
	android:name
		ADDED from src\main\AndroidManifest.xml:60:13-84
intent-filter#android.intent.action.MAIN+android.intent.category.LAUNCHER
ADDED from src\main\AndroidManifest.xml:64:13-68:29
action#android.intent.action.MAIN
ADDED from src\main\AndroidManifest.xml:65:17-69
	android:name
		ADDED from src\main\AndroidManifest.xml:65:25-66
category#android.intent.category.LAUNCHER
ADDED from src\main\AndroidManifest.xml:67:17-77
	android:name
		ADDED from src\main\AndroidManifest.xml:67:27-74
activity#com.defineapp.jiankangli_engineer.activity.ChangePswActivity
ADDED from src\main\AndroidManifest.xml:70:9-73:20
	android:screenOrientation
		ADDED from src\main\AndroidManifest.xml:72:13-49
	android:name
		ADDED from src\main\AndroidManifest.xml:71:13-88
activity#com.defineapp.jiankangli_engineer.activity.MainActivity
ADDED from src\main\AndroidManifest.xml:74:9-77:20
	android:screenOrientation
		ADDED from src\main\AndroidManifest.xml:76:13-49
	android:name
		ADDED from src\main\AndroidManifest.xml:75:13-50
activity#com.defineapp.jiankangli_engineer.activity.PersonCenterActivity
ADDED from src\main\AndroidManifest.xml:78:9-81:20
	android:screenOrientation
		ADDED from src\main\AndroidManifest.xml:80:13-49
	android:name
		ADDED from src\main\AndroidManifest.xml:79:13-91
activity#com.defineapp.jiankangli_engineer.activity.MessageListActivity
ADDED from src\main\AndroidManifest.xml:82:9-85:20
	android:screenOrientation
		ADDED from src\main\AndroidManifest.xml:84:13-49
	android:name
		ADDED from src\main\AndroidManifest.xml:83:13-90
activity#com.defineapp.jiankangli_engineer.activity.MessageDetilsActivity
ADDED from src\main\AndroidManifest.xml:86:9-89:20
	android:screenOrientation
		ADDED from src\main\AndroidManifest.xml:88:13-49
	android:name
		ADDED from src\main\AndroidManifest.xml:87:13-92
activity#com.defineapp.jiankangli_engineer.activity.FeedBackActivity
ADDED from src\main\AndroidManifest.xml:90:9-93:20
	android:screenOrientation
		ADDED from src\main\AndroidManifest.xml:92:13-49
	android:name
		ADDED from src\main\AndroidManifest.xml:91:13-87
activity#com.defineapp.jiankangli_engineer.activity.NewPswActivity
ADDED from src\main\AndroidManifest.xml:94:9-97:20
	android:screenOrientation
		ADDED from src\main\AndroidManifest.xml:96:13-49
	android:name
		ADDED from src\main\AndroidManifest.xml:95:13-85
activity#com.defineapp.jiankangli_engineer.activity.AboutUsActivity
ADDED from src\main\AndroidManifest.xml:98:9-101:20
	android:screenOrientation
		ADDED from src\main\AndroidManifest.xml:100:13-49
	android:name
		ADDED from src\main\AndroidManifest.xml:99:13-86
activity#com.defineapp.jiankangli_engineer.activity.MineMsgActivity
ADDED from src\main\AndroidManifest.xml:102:9-105:20
	android:screenOrientation
		ADDED from src\main\AndroidManifest.xml:104:13-49
	android:name
		ADDED from src\main\AndroidManifest.xml:103:13-86
activity#com.defineapp.jiankangli_engineer.activity.WriteMsgActivity
ADDED from src\main\AndroidManifest.xml:106:9-109:20
	android:screenOrientation
		ADDED from src\main\AndroidManifest.xml:108:13-49
	android:name
		ADDED from src\main\AndroidManifest.xml:107:13-87
activity#com.defineapp.jiankangli_engineer.activity.MsgOnlineActivity
ADDED from src\main\AndroidManifest.xml:110:9-113:20
	android:screenOrientation
		ADDED from src\main\AndroidManifest.xml:112:13-49
	android:name
		ADDED from src\main\AndroidManifest.xml:111:13-88
activity#com.defineapp.jiankangli_engineer.activity.OrderListActivity
ADDED from src\main\AndroidManifest.xml:114:9-117:20
	android:screenOrientation
		ADDED from src\main\AndroidManifest.xml:116:13-49
	android:name
		ADDED from src\main\AndroidManifest.xml:115:13-88
activity#com.defineapp.jiankangli_engineer.activity.OrderDetilsActivity
ADDED from src\main\AndroidManifest.xml:118:9-121:20
	android:screenOrientation
		ADDED from src\main\AndroidManifest.xml:120:13-49
	android:name
		ADDED from src\main\AndroidManifest.xml:119:13-90
activity#com.defineapp.jiankangli_engineer.activity.FixRecordActivity
ADDED from src\main\AndroidManifest.xml:122:9-126:20
	android:screenOrientation
		ADDED from src\main\AndroidManifest.xml:124:13-49
	android:windowSoftInputMode
		ADDED from src\main\AndroidManifest.xml:125:13-69
	android:name
		ADDED from src\main\AndroidManifest.xml:123:13-88
activity#com.defineapp.jiankangli_engineer.activity.WantPartsActivity
ADDED from src\main\AndroidManifest.xml:127:9-130:20
	android:screenOrientation
		ADDED from src\main\AndroidManifest.xml:129:13-49
	android:name
		ADDED from src\main\AndroidManifest.xml:128:13-88
activity#com.defineapp.jiankangli_engineer.activity.LookPartsActivity
ADDED from src\main\AndroidManifest.xml:131:9-134:20
	android:screenOrientation
		ADDED from src\main\AndroidManifest.xml:133:13-49
	android:name
		ADDED from src\main\AndroidManifest.xml:132:13-88
activity#com.defineapp.jiankangli_engineer.activity.PartsDetilsActivity
ADDED from src\main\AndroidManifest.xml:135:9-138:20
	android:screenOrientation
		ADDED from src\main\AndroidManifest.xml:137:13-49
	android:name
		ADDED from src\main\AndroidManifest.xml:136:13-90
activity#com.defineapp.jiankangli_engineer.activity.MipcaActivityCapture
ADDED from src\main\AndroidManifest.xml:139:9-142:20
	android:screenOrientation
		ADDED from src\main\AndroidManifest.xml:141:13-49
	android:name
		ADDED from src\main\AndroidManifest.xml:140:13-91
activity#com.defineapp.jiankangli_engineer.activity.WriteDeviceNoActivity
ADDED from src\main\AndroidManifest.xml:143:9-146:20
	android:screenOrientation
		ADDED from src\main\AndroidManifest.xml:145:13-49
	android:name
		ADDED from src\main\AndroidManifest.xml:144:13-92
activity#com.defineapp.jiankangli_engineer.activity.OrderSubmitActivity
ADDED from src\main\AndroidManifest.xml:147:9-150:20
	android:screenOrientation
		ADDED from src\main\AndroidManifest.xml:149:13-49
	android:name
		ADDED from src\main\AndroidManifest.xml:148:13-90
activity#com.defineapp.jiankangli_engineer.activity.ScanPhotoActivity
ADDED from src\main\AndroidManifest.xml:151:9-154:20
	android:screenOrientation
		ADDED from src\main\AndroidManifest.xml:153:13-49
	android:name
		ADDED from src\main\AndroidManifest.xml:152:13-88
activity#com.defineapp.jiankangli_engineer.activity.NewFixRecordActivity
ADDED from src\main\AndroidManifest.xml:155:9-158:20
	android:screenOrientation
		ADDED from src\main\AndroidManifest.xml:157:13-49
	android:name
		ADDED from src\main\AndroidManifest.xml:156:13-91
activity#cn.jpush.android.ui.PopWinActivity
ADDED from src\main\AndroidManifest.xml:161:9-165:20
	android:exported
		ADDED from src\main\AndroidManifest.xml:163:13-37
	android:theme
		ADDED from src\main\AndroidManifest.xml:164:13-49
	android:name
		ADDED from src\main\AndroidManifest.xml:162:13-62
activity#cn.jpush.android.ui.PushActivity
ADDED from src\main\AndroidManifest.xml:168:9-179:20
	android:exported
		ADDED from src\main\AndroidManifest.xml:171:13-37
	android:configChanges
		ADDED from src\main\AndroidManifest.xml:170:13-63
	android:theme
		ADDED from src\main\AndroidManifest.xml:172:13-60
	android:name
		ADDED from src\main\AndroidManifest.xml:169:13-60
intent-filter#android.intent.category.DEFAULT+cn.jpush.android.ui.PushActivity+com.defineapp.jiankangli_engineer
ADDED from src\main\AndroidManifest.xml:173:13-178:29
action#cn.jpush.android.ui.PushActivity
ADDED from src\main\AndroidManifest.xml:174:17-75
	android:name
		ADDED from src\main\AndroidManifest.xml:174:25-72
category#android.intent.category.DEFAULT
ADDED from src\main\AndroidManifest.xml:176:17-76
	android:name
		ADDED from src\main\AndroidManifest.xml:176:27-73
category#com.defineapp.jiankangli_engineer
ADDED from src\main\AndroidManifest.xml:177:17-78
	android:name
		ADDED from src\main\AndroidManifest.xml:177:27-75
service#cn.jpush.android.service.DownloadService
ADDED from src\main\AndroidManifest.xml:181:9-185:19
	android:enabled
		ADDED from src\main\AndroidManifest.xml:183:13-35
	android:exported
		ADDED from src\main\AndroidManifest.xml:184:13-37
	android:name
		ADDED from src\main\AndroidManifest.xml:182:13-68
service#cn.jpush.android.service.PushService
ADDED from src\main\AndroidManifest.xml:189:9-199:19
	android:enabled
		ADDED from src\main\AndroidManifest.xml:191:13-35
	android:exported
		ADDED from src\main\AndroidManifest.xml:192:13-37
	android:name
		ADDED from src\main\AndroidManifest.xml:190:13-64
intent-filter#cn.jpush.android.intent.PUSH_TIME+cn.jpush.android.intent.PushService+cn.jpush.android.intent.REGISTER+cn.jpush.android.intent.REPORT
ADDED from src\main\AndroidManifest.xml:193:13-198:29
action#cn.jpush.android.intent.REGISTER
ADDED from src\main\AndroidManifest.xml:194:17-75
	android:name
		ADDED from src\main\AndroidManifest.xml:194:25-72
action#cn.jpush.android.intent.REPORT
ADDED from src\main\AndroidManifest.xml:195:17-73
	android:name
		ADDED from src\main\AndroidManifest.xml:195:25-70
action#cn.jpush.android.intent.PushService
ADDED from src\main\AndroidManifest.xml:196:17-78
	android:name
		ADDED from src\main\AndroidManifest.xml:196:25-75
action#cn.jpush.android.intent.PUSH_TIME
ADDED from src\main\AndroidManifest.xml:197:17-76
	android:name
		ADDED from src\main\AndroidManifest.xml:197:25-73
service#cn.jpush.android.service.DaemonService
ADDED from src\main\AndroidManifest.xml:203:9-212:19
	android:enabled
		ADDED from src\main\AndroidManifest.xml:205:13-35
	android:exported
		ADDED from src\main\AndroidManifest.xml:206:13-36
	android:name
		ADDED from src\main\AndroidManifest.xml:204:13-66
intent-filter#cn.jpush.android.intent.DaemonService+com.defineapp.jiankangli_engineer
ADDED from src\main\AndroidManifest.xml:207:13-211:29
action#cn.jpush.android.intent.DaemonService
ADDED from src\main\AndroidManifest.xml:208:17-80
	android:name
		ADDED from src\main\AndroidManifest.xml:208:25-77
receiver#cn.jpush.android.service.PushReceiver
ADDED from src\main\AndroidManifest.xml:215:9-234:20
	android:enabled
		ADDED from src\main\AndroidManifest.xml:217:13-35
	android:exported
		ADDED from src\main\AndroidManifest.xml:218:13-37
	android:name
		ADDED from src\main\AndroidManifest.xml:216:13-65
intent-filter#cn.jpush.android.intent.NOTIFICATION_RECEIVED_PROXY+com.defineapp.jiankangli_engineer
ADDED from src\main\AndroidManifest.xml:219:13-222:29
	android:priority
		ADDED from src\main\AndroidManifest.xml:219:28-51
action#cn.jpush.android.intent.NOTIFICATION_RECEIVED_PROXY
ADDED from src\main\AndroidManifest.xml:220:17-94
	android:name
		ADDED from src\main\AndroidManifest.xml:220:25-91
intent-filter#android.intent.action.USER_PRESENT+android.net.conn.CONNECTIVITY_CHANGE
ADDED from src\main\AndroidManifest.xml:223:13-226:29
action#android.intent.action.USER_PRESENT
ADDED from src\main\AndroidManifest.xml:224:17-77
	android:name
		ADDED from src\main\AndroidManifest.xml:224:25-74
action#android.net.conn.CONNECTIVITY_CHANGE
ADDED from src\main\AndroidManifest.xml:225:17-79
	android:name
		ADDED from src\main\AndroidManifest.xml:225:25-76
intent-filter#android.intent.action.PACKAGE_ADDED+android.intent.action.PACKAGE_REMOVED
ADDED from src\main\AndroidManifest.xml:228:13-233:29
action#android.intent.action.PACKAGE_ADDED
ADDED from src\main\AndroidManifest.xml:229:17-78
	android:name
		ADDED from src\main\AndroidManifest.xml:229:25-75
action#android.intent.action.PACKAGE_REMOVED
ADDED from src\main\AndroidManifest.xml:230:17-80
	android:name
		ADDED from src\main\AndroidManifest.xml:230:25-77
data
ADDED from src\main\AndroidManifest.xml:232:17-50
	android:scheme
		ADDED from src\main\AndroidManifest.xml:232:23-47
receiver#cn.jpush.android.service.AlarmReceiver
ADDED from src\main\AndroidManifest.xml:237:9-239:40
	android:exported
		ADDED from src\main\AndroidManifest.xml:239:13-37
	android:name
		ADDED from src\main\AndroidManifest.xml:238:13-66
receiver#com.defineapp.jiankangli_engineer.receiver.MyReceiver
ADDED from src\main\AndroidManifest.xml:242:9-256:20
	android:enabled
		ADDED from src\main\AndroidManifest.xml:244:13-35
	android:exported
		ADDED from src\main\AndroidManifest.xml:245:13-37
	android:name
		ADDED from src\main\AndroidManifest.xml:243:13-81
intent-filter#cn.jpush.android.intent.ACTION_RICHPUSH_CALLBACK+cn.jpush.android.intent.CONNECTION+cn.jpush.android.intent.MESSAGE_RECEIVED+cn.jpush.android.intent.NOTIFICATION_OPENED+cn.jpush.android.intent.NOTIFICATION_RECEIVED+cn.jpush.android.intent.REGISTRATION+cn.jpush.android.intent.UNREGISTRATION+com.defineapp.jiankangli_engineer
ADDED from src\main\AndroidManifest.xml:246:13-255:29
action#cn.jpush.android.intent.REGISTRATION
ADDED from src\main\AndroidManifest.xml:247:17-79
	android:name
		ADDED from src\main\AndroidManifest.xml:247:25-76
action#cn.jpush.android.intent.UNREGISTRATION
ADDED from src\main\AndroidManifest.xml:248:17-81
	android:name
		ADDED from src\main\AndroidManifest.xml:248:25-78
action#cn.jpush.android.intent.MESSAGE_RECEIVED
ADDED from src\main\AndroidManifest.xml:249:17-83
	android:name
		ADDED from src\main\AndroidManifest.xml:249:25-80
action#cn.jpush.android.intent.NOTIFICATION_RECEIVED
ADDED from src\main\AndroidManifest.xml:250:17-88
	android:name
		ADDED from src\main\AndroidManifest.xml:250:25-85
action#cn.jpush.android.intent.NOTIFICATION_OPENED
ADDED from src\main\AndroidManifest.xml:251:17-86
	android:name
		ADDED from src\main\AndroidManifest.xml:251:25-83
action#cn.jpush.android.intent.ACTION_RICHPUSH_CALLBACK
ADDED from src\main\AndroidManifest.xml:252:17-91
	android:name
		ADDED from src\main\AndroidManifest.xml:252:25-88
action#cn.jpush.android.intent.CONNECTION
ADDED from src\main\AndroidManifest.xml:253:17-77
	android:name
		ADDED from src\main\AndroidManifest.xml:253:25-74
meta-data#JPUSH_CHANNEL
ADDED from src\main\AndroidManifest.xml:259:9-261:49
	android:value
		ADDED from src\main\AndroidManifest.xml:261:13-46
	android:name
		ADDED from src\main\AndroidManifest.xml:260:13-41
meta-data#JPUSH_APPKEY
ADDED from src\main\AndroidManifest.xml:262:9-264:56
	android:value
		ADDED from src\main\AndroidManifest.xml:264:13-53
	android:name
		ADDED from src\main\AndroidManifest.xml:263:13-40